<?xml version="1.0" encoding="UTF-8"?>
<!-- Generated by org.testng.reporters.JUnitReportReporter -->
<testsuite hostname="ATNSW-BENCH010" name="PackageTest.NewClassTest" tests="1" failures="0" timestamp="19 Jan 2017 05:04:54 GMT" time="22.677" errors="0">
  <testcase name="f" time="22.677" classname="PackageTest.NewClassTest"/>
</testsuite> <!-- PackageTest.NewClassTest -->
