<?xml version="1.0" encoding="UTF-8"?>
<!-- Generated by org.testng.reporters.JUnitReportReporter -->
<testsuite hostname="ATNSW-BENCH010" name="PackageTest.NewClassTest" tests="1" failures="0" timestamp="23 Jan 2017 00:24:02 GMT" time="22.946" errors="0">
  <testcase name="f" time="22.946" classname="PackageTest.NewClassTest"/>
</testsuite> <!-- PackageTest.NewClassTest -->
