<?xml version="1.0" encoding="UTF-8"?>
<!-- Generated by org.testng.reporters.JUnitReportReporter -->
<testsuite hostname="ATNSW-BENCH010" name="PackageTest.NewClassTest" tests="1" failures="0" timestamp="20 Jan 2017 04:14:54 GMT" time="32.527" errors="0">
  <testcase name="f" time="32.527" classname="PackageTest.NewClassTest"/>
</testsuite> <!-- PackageTest.NewClassTest -->
